<?xml version="1.0" encoding="UTF-8"?>
<!-- Generated by org.testng.reporters.JUnitReportReporter -->
<testsuite skipped="0" hostname="DESKTOP-1HEGR2B" name="Classprograms.Popup" tests="1" failures="0" timestamp="2020-05-16T09:30:04 IST" time="17.819" errors="0">
  <testcase name="Login" time="17.819" classname="Classprograms.Popup"/>
  <system-out/>
</testsuite> <!-- Classprograms.Popup -->
