<?xml version="1.0" encoding="UTF-8"?>
<!-- Generated by org.testng.reporters.JUnitReportReporter -->
<testsuite skipped="0" hostname="DESKTOP-1HEGR2B" name="Homework.DD1" tests="1" failures="0" timestamp="2020-05-22T21:49:07 IST" time="2.502" errors="0">
  <testcase name="f" time="2.502" classname="Homework.DD1"/>
  <system-out/>
</testsuite> <!-- Homework.DD1 -->
