<?xml version="1.0" encoding="UTF-8"?>
<!-- Generated by org.testng.reporters.JUnitReportReporter -->
<testsuite skipped="0" hostname="DESKTOP-1HEGR2B" name="Classprograms.Getoptions" tests="1" failures="0" timestamp="2020-05-11T09:18:15 IST" time="3.803" errors="0">
  <testcase name="f" time="3.803" classname="Classprograms.Getoptions"/>
  <system-out/>
</testsuite> <!-- Classprograms.Getoptions -->
