<?xml version="1.0" encoding="UTF-8"?>
<!-- Generated by org.testng.reporters.JUnitReportReporter -->
<testsuite skipped="0" hostname="DESKTOP-1HEGR2B" name="Classprograms.Alerts" tests="1" failures="0" timestamp="2020-04-18T01:06:45 IST" time="11.035" errors="0">
  <testcase name="f" time="11.035" classname="Classprograms.Alerts"/>
  <system-out/>
</testsuite> <!-- Classprograms.Alerts -->
